Copyright 1986-2022 Xilinx, Inc. All Rights Reserved. Copyright 2022-2023 Advanced Micro Devices, Inc. All Rights Reserved.
---------------------------------------------------------------------------------------------------------------------------------------------
| Tool Version : Vivado v.2023.2 (win64) Build 4029153 Fri Oct 13 20:14:34 MDT 2023
| Date         : Fri May 31 18:41:58 2024
| Host         : DESKTOP-H7C6RT8 running 64-bit major release  (build 9200)
| Command      : report_control_sets -verbose -file uart_top_control_sets_placed.rpt
| Design       : uart_top
| Device       : xc7a35t
---------------------------------------------------------------------------------------------------------------------------------------------

Control Set Information

Table of Contents
-----------------
1. Summary
2. Histogram
3. Flip-Flop Distribution
4. Detailed Control Set Information

1. Summary
----------

+----------------------------------------------------------+-------+
|                          Status                          | Count |
+----------------------------------------------------------+-------+
| Total control sets                                       |    12 |
|    Minimum number of control sets                        |    12 |
|    Addition due to synthesis replication                 |     0 |
|    Addition due to physical synthesis replication        |     0 |
| Unused register locations in slices containing registers |    43 |
+----------------------------------------------------------+-------+
* Control sets can be merged at opt_design using control_set_merge or merge_equivalent_drivers
** Run report_qor_suggestions for automated merging and remapping suggestions


2. Histogram
------------

+--------------------+-------+
|       Fanout       | Count |
+--------------------+-------+
| Total control sets |    12 |
| >= 0 to < 4        |     2 |
| >= 4 to < 6        |     4 |
| >= 6 to < 8        |     2 |
| >= 8 to < 10       |     1 |
| >= 10 to < 12      |     1 |
| >= 12 to < 14      |     0 |
| >= 14 to < 16      |     0 |
| >= 16              |     2 |
+--------------------+-------+
* Control sets can be remapped at either synth_design or opt_design


3. Flip-Flop Distribution
-------------------------

+--------------+-----------------------+------------------------+-----------------+--------------+
| Clock Enable | Synchronous Set/Reset | Asynchronous Set/Reset | Total Registers | Total Slices |
+--------------+-----------------------+------------------------+-----------------+--------------+
| No           | No                    | No                     |              15 |            6 |
| No           | No                    | Yes                    |              35 |           12 |
| No           | Yes                   | No                     |               0 |            0 |
| Yes          | No                    | No                     |              11 |            3 |
| Yes          | No                    | Yes                    |              40 |           11 |
| Yes          | Yes                   | No                     |               0 |            0 |
+--------------+-----------------------+------------------------+-----------------+--------------+


4. Detailed Control Set Information
-----------------------------------

+--------------------------+---------------------------------------------+------------------+------------------+----------------+--------------+
|       Clock Signal       |                Enable Signal                | Set/Reset Signal | Slice Load Count | Bel Load Count | Bels / Slice |
+--------------------------+---------------------------------------------+------------------+------------------+----------------+--------------+
|  clk_IBUF_BUFG           |                                             |                  |                1 |              1 |         1.00 |
|  clk_IBUF_BUFG           | uart_transmitter/TxD_i_1_n_0                |                  |                1 |              1 |         1.00 |
|  clk_IBUF_BUFG           | uart_transmitter/bitcounter[3]_i_1__0_n_0   | reset_IBUF       |                2 |              4 |         2.00 |
|  clk_IBUF_BUFG           | uart_receiver/bitcounter[3]_i_1_n_0         | reset_IBUF       |                1 |              4 |         4.00 |
|  clk_IBUF_BUFG           | uart_receiver/oversample_counter[4]_i_1_n_0 | reset_IBUF       |                2 |              5 |         2.50 |
|  clk_IBUF_BUFG           | uart_receiver/pulsecount[4]_i_1_n_0         | reset_IBUF       |                2 |              5 |         2.50 |
|  uart_receiver/nextstate |                                             |                  |                2 |              6 |         3.00 |
|  clk_IBUF_BUFG           | uart_receiver/FSM_onehot_state[5]_i_1_n_0   | reset_IBUF       |                2 |              6 |         3.00 |
|  done_BUFG               |                                             |                  |                3 |              8 |         2.67 |
|  clk_IBUF_BUFG           | uart_transmitter/rightshiftreg[9]_i_1_n_0   |                  |                2 |             10 |         5.00 |
|  clk_IBUF_BUFG           | done_BUFG                                   | reset_IBUF       |                2 |             16 |         8.00 |
|  clk_IBUF_BUFG           |                                             | reset_IBUF       |               12 |             35 |         2.92 |
+--------------------------+---------------------------------------------+------------------+------------------+----------------+--------------+


