
*** Running vivado
    with args -log uart_receive.vds -m64 -product Vivado -mode batch -messageDb vivado.pb -notrace -source uart_receive.tcl


ECHO is off.
ECHO is off.

****** Vivado v2023.2 (64-bit)
  **** SW Build 4029153 on Fri Oct 13 20:14:34 MDT 2023
  **** IP Build 4028589 on Sat Oct 14 00:45:43 MDT 2023
  **** SharedData Build 4025554 on Tue Oct 10 17:18:54 MDT 2023
    ** Copyright 1986-2022 Xilinx, Inc. All Rights Reserved.
    ** Copyright 2022-2023 Advanced Micro Devices, Inc. All Rights Reserved.

source uart_receive.tcl -notrace
create_project: Time (s): cpu = 00:00:06 ; elapsed = 00:00:07 . Memory (MB): peak = 509.117 ; gain = 217.883
Command: read_checkpoint -auto_incremental -incremental C:/Users/l3853/Documents/TCSS600/uart_receive/uart_receive.srcs/utils_1/imports/synth_1/uart_receive.dcp
INFO: [Vivado 12-5825] Read reference checkpoint from C:/Users/l3853/Documents/TCSS600/uart_receive/uart_receive.srcs/utils_1/imports/synth_1/uart_receive.dcp for incremental synthesis
INFO: [Vivado 12-7989] Please ensure there are no constraint changes
Command: synth_design -top uart_receive -part xc7a35tcpg236-1
Starting synth_design
Attempting to get a license for feature 'Synthesis' and/or device 'xc7a35t'
INFO: [Common 17-349] Got license for feature 'Synthesis' and/or device 'xc7a35t'
INFO: [Device 21-403] Loading part xc7a35tcpg236-1
INFO: [Designutils 20-5440] No compile time benefit to using incremental synthesis; A full resynthesis will be run
INFO: [Designutils 20-4379] Flow is switching to default flow due to incremental criteria not met. If you would like to alter this behaviour and have the flow terminate instead, please set the following parameter config_implementation {autoIncr.Synth.RejectBehavior Terminate}
INFO: [Synth 8-7079] Multithreading enabled for synth_design using a maximum of 2 processes.
INFO: [Synth 8-7078] Launching helper process for spawning children vivado processes
INFO: [Synth 8-7075] Helper process launched with PID 11532
---------------------------------------------------------------------------------
Starting RTL Elaboration : Time (s): cpu = 00:00:05 ; elapsed = 00:00:05 . Memory (MB): peak = 1342.801 ; gain = 440.453
---------------------------------------------------------------------------------
INFO: [Synth 8-6157] synthesizing module 'uart_receive' [C:/Users/l3853/Documents/TCSS600/uart_receive/uart_receive.srcs/sources_1/new/uart_receive.v:24]
INFO: [Synth 8-155] case statement is not full and has no default [C:/Users/l3853/Documents/TCSS600/uart_receive/uart_receive.srcs/sources_1/new/uart_receive.v:139]
INFO: [Synth 8-6155] done synthesizing module 'uart_receive' (0#1) [C:/Users/l3853/Documents/TCSS600/uart_receive/uart_receive.srcs/sources_1/new/uart_receive.v:24]
---------------------------------------------------------------------------------
Finished RTL Elaboration : Time (s): cpu = 00:00:07 ; elapsed = 00:00:07 . Memory (MB): peak = 1451.102 ; gain = 548.754
---------------------------------------------------------------------------------
---------------------------------------------------------------------------------
Start Handling Custom Attributes
---------------------------------------------------------------------------------
---------------------------------------------------------------------------------
Finished Handling Custom Attributes : Time (s): cpu = 00:00:07 ; elapsed = 00:00:08 . Memory (MB): peak = 1451.102 ; gain = 548.754
---------------------------------------------------------------------------------
---------------------------------------------------------------------------------
Finished RTL Optimization Phase 1 : Time (s): cpu = 00:00:07 ; elapsed = 00:00:08 . Memory (MB): peak = 1451.102 ; gain = 548.754
---------------------------------------------------------------------------------
Netlist sorting complete. Time (s): cpu = 00:00:00 ; elapsed = 00:00:00.002 . Memory (MB): peak = 1451.102 ; gain = 0.000
INFO: [Project 1-570] Preparing netlist for logic optimization

Processing XDC Constraints
Initializing timing engine
Parsing XDC File [C:/Users/l3853/Documents/TCSS600/uart_receive/uart_receive.srcs/constrs_1/new/constraints.xdc]
CRITICAL WARNING: [Designutils 20-1307] Command 'aa' is not supported in the xdc constraint file. [C:/Users/l3853/Documents/TCSS600/uart_receive/uart_receive.srcs/constrs_1/new/constraints.xdc:7]
WARNING: [Vivado 12-584] No ports matched 'state_show[0]'. [C:/Users/l3853/Documents/TCSS600/uart_receive/uart_receive.srcs/constrs_1/new/constraints.xdc:28]
CRITICAL WARNING: [Common 17-55] 'set_property' expects at least one object. [C:/Users/l3853/Documents/TCSS600/uart_receive/uart_receive.srcs/constrs_1/new/constraints.xdc:28]
Resolution: If [get_<value>] was used to populate the object, check to make sure this command returns at least one valid object.
WARNING: [Vivado 12-584] No ports matched 'state_show[0]'. [C:/Users/l3853/Documents/TCSS600/uart_receive/uart_receive.srcs/constrs_1/new/constraints.xdc:29]
CRITICAL WARNING: [Common 17-55] 'set_property' expects at least one object. [C:/Users/l3853/Documents/TCSS600/uart_receive/uart_receive.srcs/constrs_1/new/constraints.xdc:29]
Resolution: If [get_<value>] was used to populate the object, check to make sure this command returns at least one valid object.
WARNING: [Vivado 12-584] No ports matched 'state_show[1]'. [C:/Users/l3853/Documents/TCSS600/uart_receive/uart_receive.srcs/constrs_1/new/constraints.xdc:30]
CRITICAL WARNING: [Common 17-55] 'set_property' expects at least one object. [C:/Users/l3853/Documents/TCSS600/uart_receive/uart_receive.srcs/constrs_1/new/constraints.xdc:30]
Resolution: If [get_<value>] was used to populate the object, check to make sure this command returns at least one valid object.
WARNING: [Vivado 12-584] No ports matched 'state_show[1]'. [C:/Users/l3853/Documents/TCSS600/uart_receive/uart_receive.srcs/constrs_1/new/constraints.xdc:31]
CRITICAL WARNING: [Common 17-55] 'set_property' expects at least one object. [C:/Users/l3853/Documents/TCSS600/uart_receive/uart_receive.srcs/constrs_1/new/constraints.xdc:31]
Resolution: If [get_<value>] was used to populate the object, check to make sure this command returns at least one valid object.
WARNING: [Vivado 12-584] No ports matched 'state_show[2]'. [C:/Users/l3853/Documents/TCSS600/uart_receive/uart_receive.srcs/constrs_1/new/constraints.xdc:32]
CRITICAL WARNING: [Common 17-55] 'set_property' expects at least one object. [C:/Users/l3853/Documents/TCSS600/uart_receive/uart_receive.srcs/constrs_1/new/constraints.xdc:32]
Resolution: If [get_<value>] was used to populate the object, check to make sure this command returns at least one valid object.
WARNING: [Vivado 12-584] No ports matched 'state_show[2]'. [C:/Users/l3853/Documents/TCSS600/uart_receive/uart_receive.srcs/constrs_1/new/constraints.xdc:33]
CRITICAL WARNING: [Common 17-55] 'set_property' expects at least one object. [C:/Users/l3853/Documents/TCSS600/uart_receive/uart_receive.srcs/constrs_1/new/constraints.xdc:33]
Resolution: If [get_<value>] was used to populate the object, check to make sure this command returns at least one valid object.
Finished Parsing XDC File [C:/Users/l3853/Documents/TCSS600/uart_receive/uart_receive.srcs/constrs_1/new/constraints.xdc]
INFO: [Project 1-236] Implementation specific constraints were found while reading constraint file [C:/Users/l3853/Documents/TCSS600/uart_receive/uart_receive.srcs/constrs_1/new/constraints.xdc]. These constraints will be ignored for synthesis but will be used in implementation. Impacted constraints are listed in the file [.Xil/uart_receive_propImpl.xdc].
Resolution: To avoid this warning, move constraints listed in [.Xil/uart_receive_propImpl.xdc] to another XDC file and exclude this new file from synthesis with the used_in_synthesis property (File Properties dialog in GUI) and re-run elaboration/synthesis.
Completed Processing XDC Constraints

Netlist sorting complete. Time (s): cpu = 00:00:00 ; elapsed = 00:00:00.001 . Memory (MB): peak = 1544.797 ; gain = 0.000
INFO: [Project 1-111] Unisim Transformation Summary:
No Unisim elements were transformed.

The system cannot find the path specified.
Constraint Validation Runtime : Time (s): cpu = 00:00:00 ; elapsed = 00:00:00.002 . Memory (MB): peak = 1544.797 ; gain = 0.000
INFO: [Designutils 20-5440] No compile time benefit to using incremental synthesis; A full resynthesis will be run
INFO: [Designutils 20-4379] Flow is switching to default flow due to incremental criteria not met. If you would like to alter this behaviour and have the flow terminate instead, please set the following parameter config_implementation {autoIncr.Synth.RejectBehavior Terminate}
---------------------------------------------------------------------------------
Finished Constraint Validation : Time (s): cpu = 00:00:15 ; elapsed = 00:00:16 . Memory (MB): peak = 1544.797 ; gain = 642.449
---------------------------------------------------------------------------------
---------------------------------------------------------------------------------
Start Loading Part and Timing Information
---------------------------------------------------------------------------------
Loading part: xc7a35tcpg236-1
---------------------------------------------------------------------------------
Finished Loading Part and Timing Information : Time (s): cpu = 00:00:15 ; elapsed = 00:00:16 . Memory (MB): peak = 1544.797 ; gain = 642.449
---------------------------------------------------------------------------------
---------------------------------------------------------------------------------
Start Applying 'set_property' XDC Constraints
---------------------------------------------------------------------------------
---------------------------------------------------------------------------------
Finished applying 'set_property' XDC Constraints : Time (s): cpu = 00:00:15 ; elapsed = 00:00:16 . Memory (MB): peak = 1544.797 ; gain = 642.449
---------------------------------------------------------------------------------
INFO: [Synth 8-802] inferred FSM for state register 'state_reg' in module 'uart_receive'
WARNING: [Synth 8-327] inferring latch for variable 'FSM_sequential_nextstate_reg' [C:/Users/l3853/Documents/TCSS600/uart_receive/uart_receive.srcs/sources_1/new/uart_receive.v:143]
WARNING: [Synth 8-327] inferring latch for variable 'FSM_onehot_nextstate_reg' [C:/Users/l3853/Documents/TCSS600/uart_receive/uart_receive.srcs/sources_1/new/uart_receive.v:143]
---------------------------------------------------------------------------------------------------
                   State |                     New Encoding |                Previous Encoding 
---------------------------------------------------------------------------------------------------
                    IDLE |                           000100 |                              000
                   START |                           000010 |                              001
                   SHIFT |                           100000 |                              010
                    STOP |                           010000 |                              011
                    DONE |                           000001 |                              101
                    WAIT |                           001000 |                              100
---------------------------------------------------------------------------------------------------
INFO: [Synth 8-3354] encoded FSM with state register 'state_reg' using encoding 'one-hot' in module 'uart_receive'
WARNING: [Synth 8-327] inferring latch for variable 'FSM_onehot_nextstate_reg' [C:/Users/l3853/Documents/TCSS600/uart_receive/uart_receive.srcs/sources_1/new/uart_receive.v:143]
WARNING: [Synth 8-327] inferring latch for variable 'RxData_reg' [C:/Users/l3853/Documents/TCSS600/uart_receive/uart_receive.srcs/sources_1/new/uart_receive.v:174]
---------------------------------------------------------------------------------
Finished RTL Optimization Phase 2 : Time (s): cpu = 00:00:15 ; elapsed = 00:00:16 . Memory (MB): peak = 1544.797 ; gain = 642.449
---------------------------------------------------------------------------------
---------------------------------------------------------------------------------
Start RTL Component Statistics 
---------------------------------------------------------------------------------
Detailed RTL Component Info : 
+---Adders : 
	   2 Input    5 Bit       Adders := 2     
	   2 Input    4 Bit       Adders := 1     
	   4 Input    3 Bit       Adders := 1     
	   2 Input    2 Bit       Adders := 1     
+---Registers : 
	               14 Bit    Registers := 1     
	                8 Bit    Registers := 2     
	                5 Bit    Registers := 2     
	                4 Bit    Registers := 1     
	                1 Bit    Registers := 2     
+---Muxes : 
	   2 Input    8 Bit        Muxes := 6     
	   6 Input    6 Bit        Muxes := 1     
	   2 Input    6 Bit        Muxes := 6     
	   2 Input    5 Bit        Muxes := 2     
	   2 Input    4 Bit        Muxes := 2     
	   6 Input    3 Bit        Muxes := 1     
	   2 Input    2 Bit        Muxes := 2     
	   2 Input    1 Bit        Muxes := 11    
	   6 Input    1 Bit        Muxes := 2     
---------------------------------------------------------------------------------
Finished RTL Component Statistics 
---------------------------------------------------------------------------------
---------------------------------------------------------------------------------
Start Part Resource Summary
---------------------------------------------------------------------------------
Part Resources:
DSPs: 90 (col length:60)
BRAMs: 100 (col length: RAMB18 60 RAMB36 30)
---------------------------------------------------------------------------------
Finished Part Resource Summary
---------------------------------------------------------------------------------
---------------------------------------------------------------------------------
Start Cross Boundary and Area Optimization
---------------------------------------------------------------------------------
WARNING: [Synth 8-7080] Parallel synthesis criteria is not met
---------------------------------------------------------------------------------
Finished Cross Boundary and Area Optimization : Time (s): cpu = 00:00:17 ; elapsed = 00:00:18 . Memory (MB): peak = 1544.797 ; gain = 642.449
---------------------------------------------------------------------------------
---------------------------------------------------------------------------------
Start Applying XDC Timing Constraints
---------------------------------------------------------------------------------
---------------------------------------------------------------------------------
Finished Applying XDC Timing Constraints : Time (s): cpu = 00:00:22 ; elapsed = 00:00:23 . Memory (MB): peak = 1544.797 ; gain = 642.449
---------------------------------------------------------------------------------
---------------------------------------------------------------------------------
Start Timing Optimization
---------------------------------------------------------------------------------
---------------------------------------------------------------------------------
Finished Timing Optimization : Time (s): cpu = 00:00:22 ; elapsed = 00:00:23 . Memory (MB): peak = 1544.797 ; gain = 642.449
---------------------------------------------------------------------------------
---------------------------------------------------------------------------------
Start Technology Mapping
---------------------------------------------------------------------------------
---------------------------------------------------------------------------------
Finished Technology Mapping : Time (s): cpu = 00:00:22 ; elapsed = 00:00:23 . Memory (MB): peak = 1544.797 ; gain = 642.449
---------------------------------------------------------------------------------
---------------------------------------------------------------------------------
Start IO Insertion
---------------------------------------------------------------------------------
---------------------------------------------------------------------------------
Start Flattening Before IO Insertion
---------------------------------------------------------------------------------
---------------------------------------------------------------------------------
Finished Flattening Before IO Insertion
---------------------------------------------------------------------------------
---------------------------------------------------------------------------------
Start Final Netlist Cleanup
---------------------------------------------------------------------------------
---------------------------------------------------------------------------------
Finished Final Netlist Cleanup
---------------------------------------------------------------------------------
---------------------------------------------------------------------------------
Finished IO Insertion : Time (s): cpu = 00:00:26 ; elapsed = 00:00:27 . Memory (MB): peak = 1544.797 ; gain = 642.449
---------------------------------------------------------------------------------
---------------------------------------------------------------------------------
Start Renaming Generated Instances
---------------------------------------------------------------------------------
---------------------------------------------------------------------------------
Finished Renaming Generated Instances : Time (s): cpu = 00:00:26 ; elapsed = 00:00:27 . Memory (MB): peak = 1544.797 ; gain = 642.449
---------------------------------------------------------------------------------
---------------------------------------------------------------------------------
Start Rebuilding User Hierarchy
---------------------------------------------------------------------------------
---------------------------------------------------------------------------------
Finished Rebuilding User Hierarchy : Time (s): cpu = 00:00:26 ; elapsed = 00:00:27 . Memory (MB): peak = 1544.797 ; gain = 642.449
---------------------------------------------------------------------------------
---------------------------------------------------------------------------------
Start Renaming Generated Ports
---------------------------------------------------------------------------------
---------------------------------------------------------------------------------
Finished Renaming Generated Ports : Time (s): cpu = 00:00:26 ; elapsed = 00:00:27 . Memory (MB): peak = 1544.797 ; gain = 642.449
---------------------------------------------------------------------------------
---------------------------------------------------------------------------------
Start Handling Custom Attributes
---------------------------------------------------------------------------------
---------------------------------------------------------------------------------
Finished Handling Custom Attributes : Time (s): cpu = 00:00:26 ; elapsed = 00:00:27 . Memory (MB): peak = 1544.797 ; gain = 642.449
---------------------------------------------------------------------------------
---------------------------------------------------------------------------------
Start Renaming Generated Nets
---------------------------------------------------------------------------------
---------------------------------------------------------------------------------
Finished Renaming Generated Nets : Time (s): cpu = 00:00:26 ; elapsed = 00:00:27 . Memory (MB): peak = 1544.797 ; gain = 642.449
---------------------------------------------------------------------------------
---------------------------------------------------------------------------------
Start Writing Synthesis Report
---------------------------------------------------------------------------------

Report BlackBoxes: 
+-+--------------+----------+
| |BlackBox name |Instances |
+-+--------------+----------+
+-+--------------+----------+

Report Cell Usage: 
+------+-----+------+
|      |Cell |Count |
+------+-----+------+
|1     |BUFG |     1|
|2     |LUT1 |     1|
|3     |LUT2 |     4|
|4     |LUT3 |     6|
|5     |LUT4 |     7|
|6     |LUT5 |    15|
|7     |LUT6 |    18|
|8     |FDCE |    14|
|9     |FDPE |     1|
|10    |FDRE |    21|
|11    |LD   |    14|
|12    |IBUF |     3|
|13    |OBUF |     9|
+------+-----+------+
---------------------------------------------------------------------------------
Finished Writing Synthesis Report : Time (s): cpu = 00:00:26 ; elapsed = 00:00:27 . Memory (MB): peak = 1544.797 ; gain = 642.449
---------------------------------------------------------------------------------
Synthesis finished with 0 errors, 0 critical warnings and 5 warnings.
Synthesis Optimization Runtime : Time (s): cpu = 00:00:18 ; elapsed = 00:00:26 . Memory (MB): peak = 1544.797 ; gain = 548.754
Synthesis Optimization Complete : Time (s): cpu = 00:00:27 ; elapsed = 00:00:28 . Memory (MB): peak = 1544.797 ; gain = 642.449
INFO: [Project 1-571] Translating synthesized netlist
Netlist sorting complete. Time (s): cpu = 00:00:00 ; elapsed = 00:00:00.001 . Memory (MB): peak = 1544.797 ; gain = 0.000
INFO: [Netlist 29-17] Analyzing 14 Unisim elements for replacement
INFO: [Netlist 29-28] Unisim Transformation completed in 0 CPU seconds
INFO: [Project 1-570] Preparing netlist for logic optimization
INFO: [Opt 31-138] Pushed 0 inverter(s) to 0 load pin(s).
Netlist sorting complete. Time (s): cpu = 00:00:00 ; elapsed = 00:00:00 . Memory (MB): peak = 1544.797 ; gain = 0.000
INFO: [Project 1-111] Unisim Transformation Summary:
  A total of 14 instances were transformed.
  LD => LDCE: 14 instances

The system cannot find the path specified.
Synth Design complete | Checksum: 68eebf89
INFO: [Common 17-83] Releasing license: Synthesis
26 Infos, 11 Warnings, 7 Critical Warnings and 0 Errors encountered.
synth_design completed successfully
synth_design: Time (s): cpu = 00:00:31 ; elapsed = 00:00:32 . Memory (MB): peak = 1544.797 ; gain = 1031.738
INFO: [runtcl-6] Synthesis results are not added to the cache due to CRITICAL_WARNING
Write ShapeDB Complete: Time (s): cpu = 00:00:00 ; elapsed = 00:00:00.001 . Memory (MB): peak = 1544.797 ; gain = 0.000
INFO: [Common 17-1381] The checkpoint 'C:/Users/l3853/Documents/TCSS600/uart_receive/uart_receive.runs/synth_1/uart_receive.dcp' has been generated.
INFO: [runtcl-4] Executing : report_utilization -file uart_receive_utilization_synth.rpt -pb uart_receive_utilization_synth.pb
INFO: [Common 17-206] Exiting Vivado at Mon May 27 14:38:37 2024...
